# JRE version: OpenJDK Runtime Environment (8.0_212-b04) (build 1.8.0_212-release-1586-b04)
# Java VM: OpenJDK 64-Bit Server VM (25.212-b04 mixed mode windows-amd64 compressed oops)
Heap:
 PSYoungGen      total 215040K, used 16706K [0x00000000e0000000, 0x00000000ef880000, 0x0000000100000000)
  eden space 190976K, 0% used [0x00000000e0000000,0x00000000e0000000,0x00000000eba80000)
  from space 24064K, 69% used [0x00000000ee100000,0x00000000ef150868,0x00000000ef880000)
  to   space 31744K, 0% used [0x00000000eba80000,0x00000000eba80000,0x00000000ed980000)
 ParOldGen       total 142336K, used 62558K [0x00000000a0000000, 0x00000000a8b00000, 0x00000000e0000000)
  object space 142336K, 43% used [0x00000000a0000000,0x00000000a3d17898,0x00000000a8b00000)
 Metaspace       used 93810K, capacity 98400K, committed 98496K, reserved 1134592K
  class space    used 12251K, capacity 13145K, committed 13184K, reserved 1048576K
GC Heap History (10 events):
Event: 212.232 GC heap after
Heap after GC invocations=19 (full 3):
 PSYoungGen      total 240640K, used 17873K [0x00000000e0000000, 0x00000000f0900000, 0x0000000100000000)
  eden space 218112K, 0% used [0x00000000e0000000,0x00000000e0000000,0x00000000ed500000)
  from space 22528K, 79% used [0x00000000ef300000,0x00000000f04745e8,0x00000000f0900000)
  to   space 26624K, 0% used [0x00000000ed500000,0x00000000ed500000,0x00000000eef00000)
 ParOldGen       total 142336K, used 50926K [0x00000000a0000000, 0x00000000a8b00000, 0x00000000e0000000)
  object space 142336K, 35% used [0x00000000a0000000,0x00000000a31bb800,0x00000000a8b00000)
 Metaspace       used 84553K, capacity 88070K, committed 88320K, reserved 1126400K
  class space    used 11275K, capacity 11987K, committed 12032K, reserved 1048576K
}
Event: 777.789 GC heap before
{Heap before GC invocations=20 (full 3):
 PSYoungGen      total 240640K, used 235985K [0x00000000e0000000, 0x00000000f0900000, 0x0000000100000000)
  eden space 218112K, 100% used [0x00000000e0000000,0x00000000ed500000,0x00000000ed500000)
  from space 22528K, 79% used [0x00000000ef300000,0x00000000f04745e8,0x00000000f0900000)
  to   space 26624K, 0% used [0x00000000ed500000,0x00000000ed500000,0x00000000eef00000)
 ParOldGen       total 142336K, used 50926K [0x00000000a0000000, 0x00000000a8b00000, 0x00000000e0000000)
  object space 142336K, 35% used [0x00000000a0000000,0x00000000a31bb800,0x00000000a8b00000)
 Metaspace       used 85435K, capacity 89228K, committed 89472K, reserved 1126400K
  class space    used 11313K, capacity 12058K, committed 12160K, reserved 1048576K
Event: 777.828 GC heap after
Heap after GC invocations=20 (full 3):
 PSYoungGen      total 229376K, used 18297K [0x00000000e0000000, 0x00000000f0400000, 0x0000000100000000)
  eden space 210944K, 0% used [0x00000000e0000000,0x00000000e0000000,0x00000000ece00000)
  from space 18432K, 99% used [0x00000000ed500000,0x00000000ee6de770,0x00000000ee700000)
  to   space 27648K, 0% used [0x00000000ee900000,0x00000000ee900000,0x00000000f0400000)
 ParOldGen       total 142336K, used 50934K [0x00000000a0000000, 0x00000000a8b00000, 0x00000000e0000000)
  object space 142336K, 35% used [0x00000000a0000000,0x00000000a31bd800,0x00000000a8b00000)
 Metaspace       used 85435K, capacity 89228K, committed 89472K, reserved 1126400K
  class space    used 11313K, capacity 12058K, committed 12160K, reserved 1048576K
}
Event: 2597.638 GC heap before
{Heap before GC invocations=21 (full 3):
 PSYoungGen      total 229376K, used 229241K [0x00000000e0000000, 0x00000000f0400000, 0x0000000100000000)
  eden space 210944K, 100% used [0x00000000e0000000,0x00000000ece00000,0x00000000ece00000)
  from space 18432K, 99% used [0x00000000ed500000,0x00000000ee6de770,0x00000000ee700000)
  to   space 27648K, 0% used [0x00000000ee900000,0x00000000ee900000,0x00000000f0400000)
 ParOldGen       total 142336K, used 50934K [0x00000000a0000000, 0x00000000a8b00000, 0x00000000e0000000)
  object space 142336K, 35% used [0x00000000a0000000,0x00000000a31bd800,0x00000000a8b00000)
 Metaspace       used 86967K, capacity 90888K, committed 91136K, reserved 1128448K
  class space    used 11453K, capacity 12254K, committed 12288K, reserved 1048576K
Event: 2597.702 GC heap after
Heap after GC invocations=21 (full 3):
 PSYoungGen      total 231424K, used 27638K [0x00000000e0000000, 0x00000000f0700000, 0x0000000100000000)
  eden space 203776K, 0% used [0x00000000e0000000,0x00000000e0000000,0x00000000ec700000)
  from space 27648K, 99% used [0x00000000ee900000,0x00000000f03fdb18,0x00000000f0400000)
  to   space 32768K, 0% used [0x00000000ec700000,0x00000000ec700000,0x00000000ee700000)
 ParOldGen       total 142336K, used 54332K [0x00000000a0000000, 0x00000000a8b00000, 0x00000000e0000000)
  object space 142336K, 38% used [0x00000000a0000000,0x00000000a350f2b8,0x00000000a8b00000)
 Metaspace       used 86967K, capacity 90888K, committed 91136K, reserved 1128448K
  class space    used 11453K, capacity 12254K, committed 12288K, reserved 1048576K
}
Event: 2603.654 GC heap before
{Heap before GC invocations=22 (full 3):
 PSYoungGen      total 231424K, used 231414K [0x00000000e0000000, 0x00000000f0700000, 0x0000000100000000)
  eden space 203776K, 100% used [0x00000000e0000000,0x00000000ec700000,0x00000000ec700000)
  from space 27648K, 99% used [0x00000000ee900000,0x00000000f03fdb18,0x00000000f0400000)
  to   space 32768K, 0% used [0x00000000ec700000,0x00000000ec700000,0x00000000ee700000)
 ParOldGen       total 142336K, used 54332K [0x00000000a0000000, 0x00000000a8b00000, 0x00000000e0000000)
  object space 142336K, 38% used [0x00000000a0000000,0x00000000a350f2b8,0x00000000a8b00000)
 Metaspace       used 89550K, capacity 93714K, committed 93824K, reserved 1130496K
  class space    used 11622K, capacity 12415K, committed 12416K, reserved 1048576K
Event: 2603.695 GC heap after
Heap after GC invocations=22 (full 3):
 PSYoungGen      total 218112K, used 20730K [0x00000000e0000000, 0x00000000f0180000, 0x0000000100000000)
  eden space 197120K, 0% used [0x00000000e0000000,0x00000000e0000000,0x00000000ec080000)
  from space 20992K, 98% used [0x00000000ec700000,0x00000000edb3eb88,0x00000000edb80000)
  to   space 33280K, 0% used [0x00000000ee100000,0x00000000ee100000,0x00000000f0180000)
 ParOldGen       total 142336K, used 62550K [0x00000000a0000000, 0x00000000a8b00000, 0x00000000e0000000)
  object space 142336K, 43% used [0x00000000a0000000,0x00000000a3d15898,0x00000000a8b00000)
 Metaspace       used 89550K, capacity 93714K, committed 93824K, reserved 1130496K
  class space    used 11622K, capacity 12415K, committed 12416K, reserved 1048576K
}
Event: 2766.060 GC heap before
{Heap before GC invocations=23 (full 3):
 PSYoungGen      total 218112K, used 206467K [0x00000000e0000000, 0x00000000f0180000, 0x0000000100000000)
  eden space 197120K, 94% used [0x00000000e0000000,0x00000000eb562450,0x00000000ec080000)
  from space 20992K, 98% used [0x00000000ec700000,0x00000000edb3eb88,0x00000000edb80000)
  to   space 33280K, 0% used [0x00000000ee100000,0x00000000ee100000,0x00000000f0180000)
 ParOldGen       total 142336K, used 62550K [0x00000000a0000000, 0x00000000a8b00000, 0x00000000e0000000)
  object space 142336K, 43% used [0x00000000a0000000,0x00000000a3d15898,0x00000000a8b00000)
 Metaspace       used 93810K, capacity 98400K, committed 98496K, reserved 1134592K
  class space    used 12251K, capacity 13145K, committed 13184K, reserved 1048576K
Event: 2766.086 GC heap after
Heap after GC invocations=23 (full 3):
 PSYoungGen      total 215040K, used 16706K [0x00000000e0000000, 0x00000000ef880000, 0x0000000100000000)
  eden space 190976K, 0% used [0x00000000e0000000,0x00000000e0000000,0x00000000eba80000)
  from space 24064K, 69% used [0x00000000ee100000,0x00000000ef150868,0x00000000ef880000)
  to   space 31744K, 0% used [0x00000000eba80000,0x00000000eba80000,0x00000000ed980000)
 ParOldGen       total 142336K, used 62558K [0x00000000a0000000, 0x00000000a8b00000, 0x00000000e0000000)
  object space 142336K, 43% used [0x00000000a0000000,0x00000000a3d17898,0x00000000a8b00000)
 Metaspace       used 93810K, capacity 98400K, committed 98496K, reserved 1134592K
  class space    used 12251K, capacity 13145K, committed 13184K, reserved 1048576K
}
Event: 2766.086 GC heap before
{Heap before GC invocations=24 (full 4):
 PSYoungGen      total 215040K, used 16706K [0x00000000e0000000, 0x00000000ef880000, 0x0000000100000000)
  eden space 190976K, 0% used [0x00000000e0000000,0x00000000e0000000,0x00000000eba80000)
  from space 24064K, 69% used [0x00000000ee100000,0x00000000ef150868,0x00000000ef880000)
  to   space 31744K, 0% used [0x00000000eba80000,0x00000000eba80000,0x00000000ed980000)
 ParOldGen       total 142336K, used 62558K [0x00000000a0000000, 0x00000000a8b00000, 0x00000000e0000000)
  object space 142336K, 43% used [0x00000000a0000000,0x00000000a3d17898,0x00000000a8b00000)
 Metaspace       used 93810K, capacity 98400K, committed 98496K, reserved 1134592K
  class space    used 12251K, capacity 13145K, committed 13184K, reserved 1048576K

